@CanonGPS/ver1.0/wgs-84/Canon EOS 6D/242020004950/fe98
$GPGGA,212836.000,3947.9079,N,10454.0075,W,1,08,1.0,1453.0,M,,,,0000*23
$GPRMC,212836.000,A,3947.9079,N,10454.0075,W,,,221015,,,A*7D
$GPGGA,213220.000,3947.0953,N,10454.0164,W,1,08,1.0,1511.0,M,,,,0000*21
$GPRMC,213220.000,A,3947.0953,N,10454.0164,W,,,221015,,,A*78
$GPGGA,213425.000,3946.5119,N,10454.2492,W,1,05,1.6,1381.0,M,,,,0000*2A
$GPRMC,213425.000,A,3946.5119,N,10454.2492,W,,,221015,,,A*77
$GPGGA,213624.000,3946.4200,N,10454.2229,W,1,06,1.2,1416.0,M,,,,0000*2B
$GPRMC,213624.000,A,3946.4200,N,10454.2229,W,,,221015,,,A*78
$GPGGA,213820.000,3946.5121,N,10454.1954,W,1,06,1.3,1396.0,M,,,,0000*2C
$GPRMC,213820.000,A,3946.5121,N,10454.1954,W,,,221015,,,A*71
$GPGGA,214030.901,3946.5029,N,10454.1794,W,1,04,2.2,1456.0,M,,,,0000*2A
$GPRMC,214030.901,A,3946.5029,N,10454.1794,W,,,221015,,,A*7C
$GPGGA,214738.929,3946.4863,N,10454.1311,W,1,04,4.7,1516.0,M,,,,0000*27
$GPRMC,214738.929,A,3946.4863,N,10454.1311,W,,,221015,,,A*77
$GPGGA,214943.000,3946.4530,N,10454.1498,W,1,05,1.4,1531.0,M,,,,0000*28
$GPRMC,214943.000,A,3946.4530,N,10454.1498,W,,,221015,,,A*7A
$GPGGA,215151.953,3946.4884,N,10453.9703,W,1,03,9.2,1535.0,M,,,,0000*2D
$GPRMC,215151.953,A,3946.4884,N,10453.9703,W,,,221015,,,A*73
$GPGGA,215353.807,3946.4892,N,10453.9418,W,1,04,8.8,1524.0,M,,,,0000*2F
$GPRMC,215353.807,A,3946.4892,N,10453.9418,W,,,221015,,,A*7D
$GPGGA,220225.000,3946.4807,N,10453.9985,W,1,04,8.0,1528.0,M,,,,0000*27
$GPRMC,220225.000,A,3946.4807,N,10453.9985,W,,,221015,,,A*71
$GPGGA,220632.019,3946.4863,N,10453.9374,W,1,04,7.8,1501.0,M,,,,0000*27
$GPRMC,220632.019,A,3946.4863,N,10453.9374,W,,,221015,,,A*7D
$GPGGA,220850.995,3946.4687,N,10454.0026,W,1,04,7.7,1502.0,M,,,,0000*22
$GPRMC,220850.995,A,3946.4687,N,10454.0026,W,,,221015,,,A*74
$GPGGA,221427.059,3946.4694,N,10454.0378,W,1,04,7.5,1513.0,M,,,,0000*2E
$GPRMC,221427.059,A,3946.4694,N,10454.0378,W,,,221015,,,A*7A
$GPGGA,221824.958,3946.4643,N,10454.0229,W,1,04,7.4,1494.0,M,,,,0000*29
$GPRMC,221824.958,A,3946.4643,N,10454.0229,W,,,221015,,,A*72
$GPGGA,222031.971,3946.4513,N,10454.0530,W,1,04,7.4,1484.0,M,,,,0000*25
$GPRMC,222031.971,A,3946.4513,N,10454.0530,W,,,221015,,,A*7F
$GPGGA,222223.958,3946.4394,N,10454.1350,W,1,04,2.9,1480.0,M,,,,0000*2B
$GPRMC,222223.958,A,3946.4394,N,10454.1350,W,,,221015,,,A*7D
